2019-10-06 13:21:09,780 [Worker-2: Loading available Gradle versions] INFO  o.e.b.c.i.u.g.PublishedGradleVersions - Gradle version information cache is up-to-date. Trying to read.
2019-10-06 13:21:56,407 [Worker-1: Importing Maven projects] INFO  o.e.m.c.i.l.LifecycleMappingFactory - Using org.eclipse.m2e.jdt.JarLifecycleMapping lifecycle mapping for MavenProject: com.guilherme:demo:0.0.1-SNAPSHOT @ C:\Users\Guilherme\Documents\Docker\copadubo-service\pom.xml.
2019-10-06 13:22:14,222 [Worker-1: Importing Maven projects] INFO  o.e.m.j.i.AbstractJavaProjectConfigurator - Adding source folder /copadubo-service/src/main/java
2019-10-06 13:22:14,223 [Worker-1: Importing Maven projects] INFO  o.e.m.j.i.AbstractJavaProjectConfigurator - Adding resource folder /copadubo-service/src/main/resources
2019-10-06 13:22:14,239 [Worker-1: Importing Maven projects] INFO  o.e.m.j.i.AbstractJavaProjectConfigurator - Adding resource folder /copadubo-service/src/main/resources
2019-10-06 13:22:14,252 [Worker-1: Importing Maven projects] INFO  o.e.m.j.i.AbstractJavaProjectConfigurator - Adding source folder /copadubo-service/src/test/java
2019-10-06 13:22:17,256 [Worker-1: Importing Maven projects] INFO  o.e.m.c.i.p.ProjectConfigurationManager - Imported and configured 1 project(s) in 30 sec
2019-10-06 13:22:28,785 [Worker-11: Building workspace] INFO  o.e.m.c.i.embedder.EclipseLogger - Using 'UTF-8' encoding to copy filtered resources.
2019-10-06 13:22:28,802 [Worker-11: Building workspace] INFO  o.e.m.c.i.embedder.EclipseLogger - Copying 2 resources
2019-10-06 13:22:28,843 [Worker-11: Building workspace] INFO  o.e.m.c.i.embedder.EclipseLogger - Copying 1 resource
2019-10-06 13:22:28,896 [Worker-11: Building workspace] INFO  o.e.m.c.i.embedder.EclipseLogger - Using 'UTF-8' encoding to copy filtered resources.
2019-10-06 13:22:28,896 [Worker-11: Building workspace] INFO  o.e.m.c.i.embedder.EclipseLogger - skip non existing resourceDirectory C:\Users\Guilherme\Documents\Docker\copadubo-service\src\test\resources
2019-10-06 13:23:32,728 [Worker-8: Building workspace] INFO  o.e.m.c.i.embedder.EclipseLogger - Using 'UTF-8' encoding to copy filtered resources.
2019-10-06 13:23:32,729 [Worker-8: Building workspace] INFO  o.e.m.c.i.embedder.EclipseLogger - Copying 0 resource
2019-10-06 13:23:32,730 [Worker-8: Building workspace] INFO  o.e.m.c.i.embedder.EclipseLogger - Copying 0 resource
2019-10-06 13:23:32,736 [Worker-8: Building workspace] INFO  o.e.m.c.i.embedder.EclipseLogger - Using 'UTF-8' encoding to copy filtered resources.
2019-10-06 13:23:32,737 [Worker-8: Building workspace] INFO  o.e.m.c.i.embedder.EclipseLogger - skip non existing resourceDirectory C:\Users\Guilherme\Documents\Docker\copadubo-service\src\test\resources
2019-10-06 13:23:39,061 [Worker-4: Building workspace] INFO  o.e.m.c.i.embedder.EclipseLogger - Using 'UTF-8' encoding to copy filtered resources.
2019-10-06 13:23:39,071 [Worker-4: Building workspace] INFO  o.e.m.c.i.embedder.EclipseLogger - Copying 2 resources
2019-10-06 13:23:39,106 [Worker-4: Building workspace] INFO  o.e.m.c.i.embedder.EclipseLogger - Copying 1 resource
2019-10-06 13:23:39,125 [Worker-4: Building workspace] INFO  o.e.m.c.i.embedder.EclipseLogger - Using 'UTF-8' encoding to copy filtered resources.
2019-10-06 13:23:39,125 [Worker-4: Building workspace] INFO  o.e.m.c.i.embedder.EclipseLogger - skip non existing resourceDirectory C:\Users\Guilherme\Documents\Docker\copadubo-service\src\test\resources
2019-10-06 13:23:55,532 [Worker-4: Launching Executing install in C__Users_Guilherme_Documents_Docker_copadubo-service] INFO  o.e.m.i.launch.MavenLaunchDelegate - C:\Users\Guilherme\Documents\Docker\copadubo-service
2019-10-06 13:23:55,533 [Worker-4: Launching Executing install in C__Users_Guilherme_Documents_Docker_copadubo-service] INFO  o.e.m.i.launch.MavenLaunchDelegate -  mvn -B install
2019-10-06 13:24:35,439 [Worker-0: Building workspace] INFO  o.e.m.c.i.embedder.EclipseLogger - Using 'UTF-8' encoding to copy filtered resources.
2019-10-06 13:24:35,441 [Worker-0: Building workspace] INFO  o.e.m.c.i.embedder.EclipseLogger - Copying 2 resources
2019-10-06 13:24:35,452 [Worker-0: Building workspace] INFO  o.e.m.c.i.embedder.EclipseLogger - Copying 1 resource
2019-10-06 13:24:35,457 [Worker-0: Building workspace] INFO  o.e.m.c.i.embedder.EclipseLogger - Using 'UTF-8' encoding to copy filtered resources.
2019-10-06 13:24:35,514 [Worker-0: Building workspace] INFO  o.e.m.c.i.embedder.EclipseLogger - skip non existing resourceDirectory C:\Users\Guilherme\Documents\Docker\copadubo-service\src\test\resources
2019-10-06 13:28:34,282 [Worker-9: Building workspace] INFO  o.e.m.c.i.embedder.EclipseLogger - Using 'UTF-8' encoding to copy filtered resources.
2019-10-06 13:28:34,286 [Worker-9: Building workspace] INFO  o.e.m.c.i.embedder.EclipseLogger - Copying 1 resource
2019-10-06 13:28:34,289 [Worker-9: Building workspace] INFO  o.e.m.c.i.embedder.EclipseLogger - Copying 0 resource
2019-10-06 13:28:34,293 [Worker-9: Building workspace] INFO  o.e.m.c.i.embedder.EclipseLogger - Using 'UTF-8' encoding to copy filtered resources.
2019-10-06 13:28:34,294 [Worker-9: Building workspace] INFO  o.e.m.c.i.embedder.EclipseLogger - skip non existing resourceDirectory C:\Users\Guilherme\Documents\Docker\copadubo-service\src\test\resources
2019-10-06 13:28:42,575 [Worker-0: Launching Executing install in C__Users_Guilherme_Documents_Docker_copadubo-service] INFO  o.e.m.i.launch.MavenLaunchDelegate - C:\Users\Guilherme\Documents\Docker\copadubo-service
2019-10-06 13:28:42,575 [Worker-0: Launching Executing install in C__Users_Guilherme_Documents_Docker_copadubo-service] INFO  o.e.m.i.launch.MavenLaunchDelegate -  mvn -B install
2019-10-06 13:29:17,674 [Worker-14: Building workspace] INFO  o.e.m.c.i.embedder.EclipseLogger - Using 'UTF-8' encoding to copy filtered resources.
2019-10-06 13:29:17,676 [Worker-14: Building workspace] INFO  o.e.m.c.i.embedder.EclipseLogger - Copying 2 resources
2019-10-06 13:29:17,683 [Worker-14: Building workspace] INFO  o.e.m.c.i.embedder.EclipseLogger - Copying 1 resource
2019-10-06 13:29:17,687 [Worker-14: Building workspace] INFO  o.e.m.c.i.embedder.EclipseLogger - Using 'UTF-8' encoding to copy filtered resources.
2019-10-06 13:29:17,687 [Worker-14: Building workspace] INFO  o.e.m.c.i.embedder.EclipseLogger - skip non existing resourceDirectory C:\Users\Guilherme\Documents\Docker\copadubo-service\src\test\resources
2019-10-06 13:57:27,687 [Worker-16: Building workspace] INFO  o.e.m.c.i.embedder.EclipseLogger - Using 'UTF-8' encoding to copy filtered resources.
2019-10-06 13:57:27,688 [Worker-16: Building workspace] INFO  o.e.m.c.i.embedder.EclipseLogger - Copying 0 resource
2019-10-06 13:57:27,689 [Worker-16: Building workspace] INFO  o.e.m.c.i.embedder.EclipseLogger - Copying 1 resource
2019-10-06 13:57:27,700 [Worker-16: Building workspace] INFO  o.e.m.c.i.embedder.EclipseLogger - Using 'UTF-8' encoding to copy filtered resources.
2019-10-06 13:57:27,701 [Worker-16: Building workspace] INFO  o.e.m.c.i.embedder.EclipseLogger - skip non existing resourceDirectory C:\Users\Guilherme\Documents\Docker\copadubo-service\src\test\resources
2019-10-06 13:57:28,812 [Worker-21: Building workspace] INFO  o.e.m.c.i.embedder.EclipseLogger - Using 'UTF-8' encoding to copy filtered resources.
2019-10-06 13:57:28,813 [Worker-21: Building workspace] INFO  o.e.m.c.i.embedder.EclipseLogger - Copying 0 resource
2019-10-06 13:57:28,813 [Worker-21: Building workspace] INFO  o.e.m.c.i.embedder.EclipseLogger - Copying 0 resource
2019-10-06 13:57:28,817 [Worker-21: Building workspace] INFO  o.e.m.c.i.embedder.EclipseLogger - Using 'UTF-8' encoding to copy filtered resources.
2019-10-06 13:57:28,818 [Worker-21: Building workspace] INFO  o.e.m.c.i.embedder.EclipseLogger - skip non existing resourceDirectory C:\Users\Guilherme\Documents\Docker\copadubo-service\src\test\resources
2019-10-06 13:57:41,902 [Worker-21: Building workspace] INFO  o.e.m.c.i.embedder.EclipseLogger - Using 'UTF-8' encoding to copy filtered resources.
2019-10-06 13:57:41,903 [Worker-21: Building workspace] INFO  o.e.m.c.i.embedder.EclipseLogger - Copying 1 resource
2019-10-06 13:57:41,906 [Worker-21: Building workspace] INFO  o.e.m.c.i.embedder.EclipseLogger - Copying 0 resource
2019-10-06 13:57:41,911 [Worker-21: Building workspace] INFO  o.e.m.c.i.embedder.EclipseLogger - Using 'UTF-8' encoding to copy filtered resources.
2019-10-06 13:57:41,911 [Worker-21: Building workspace] INFO  o.e.m.c.i.embedder.EclipseLogger - skip non existing resourceDirectory C:\Users\Guilherme\Documents\Docker\copadubo-service\src\test\resources
2019-10-06 14:01:36,396 [Worker-16: Building workspace] INFO  o.e.m.c.i.l.LifecycleMappingFactory - Using org.eclipse.m2e.jdt.JarLifecycleMapping lifecycle mapping for MavenProject: com.guilherme:demo:0.0.1-SNAPSHOT @ C:\Users\Guilherme\Documents\Docker\copadubo-service\pom.xml.
2019-10-06 14:01:40,096 [Worker-16: Building workspace] INFO  o.e.m.c.i.embedder.EclipseLogger - Using 'UTF-8' encoding to copy filtered resources.
2019-10-06 14:01:40,099 [Worker-16: Building workspace] INFO  o.e.m.c.i.embedder.EclipseLogger - Copying 0 resource
2019-10-06 14:01:40,100 [Worker-16: Building workspace] INFO  o.e.m.c.i.embedder.EclipseLogger - Copying 0 resource
2019-10-06 14:01:40,103 [Worker-16: Building workspace] INFO  o.e.m.c.i.embedder.EclipseLogger - Using 'UTF-8' encoding to copy filtered resources.
2019-10-06 14:01:40,103 [Worker-16: Building workspace] INFO  o.e.m.c.i.embedder.EclipseLogger - skip non existing resourceDirectory C:\Users\Guilherme\Documents\Docker\copadubo-service\src\test\resources
2019-10-06 14:01:43,600 [Worker-16: Building workspace] INFO  o.e.m.c.i.embedder.EclipseLogger - Using 'UTF-8' encoding to copy filtered resources.
2019-10-06 14:01:43,603 [Worker-16: Building workspace] INFO  o.e.m.c.i.embedder.EclipseLogger - Copying 2 resources
2019-10-06 14:01:43,638 [Worker-16: Building workspace] INFO  o.e.m.c.i.embedder.EclipseLogger - Copying 1 resource
2019-10-06 14:01:43,650 [Worker-16: Building workspace] INFO  o.e.m.c.i.embedder.EclipseLogger - Using 'UTF-8' encoding to copy filtered resources.
2019-10-06 14:01:43,650 [Worker-16: Building workspace] INFO  o.e.m.c.i.embedder.EclipseLogger - skip non existing resourceDirectory C:\Users\Guilherme\Documents\Docker\copadubo-service\src\test\resources
2019-10-06 14:02:20,172 [Worker-16: Launching Executing install in C__Users_Guilherme_Documents_Docker_copadubo-service] INFO  o.e.m.i.launch.MavenLaunchDelegate - C:\Users\Guilherme\Documents\Docker\copadubo-service
2019-10-06 14:02:20,173 [Worker-16: Launching Executing install in C__Users_Guilherme_Documents_Docker_copadubo-service] INFO  o.e.m.i.launch.MavenLaunchDelegate -  mvn -B install
2019-10-06 14:02:51,084 [Worker-24: Building workspace] INFO  o.e.m.c.i.embedder.EclipseLogger - Using 'UTF-8' encoding to copy filtered resources.
2019-10-06 14:02:51,087 [Worker-24: Building workspace] INFO  o.e.m.c.i.embedder.EclipseLogger - Copying 2 resources
2019-10-06 14:02:51,096 [Worker-24: Building workspace] INFO  o.e.m.c.i.embedder.EclipseLogger - Copying 1 resource
2019-10-06 14:02:51,104 [Worker-24: Building workspace] INFO  o.e.m.c.i.embedder.EclipseLogger - Using 'UTF-8' encoding to copy filtered resources.
2019-10-06 14:02:51,104 [Worker-24: Building workspace] INFO  o.e.m.c.i.embedder.EclipseLogger - skip non existing resourceDirectory C:\Users\Guilherme\Documents\Docker\copadubo-service\src\test\resources
